<?xml version="1.0" encoding="UTF-8"?>
<!-- Generated by org.testng.reporters.JUnitReportReporter -->
<testsuite hostname="DESKTOP-GBBNBCH" failures="0" tests="1" name="com.hrms.testscripts.TC001" time="8.585" errors="0" timestamp="3 Feb 2023 10:46:50 GMT">
  <testcase classname="com.hrms.testscripts.TC001" name="tc001" time="8.585"/>
</testsuite> <!-- com.hrms.testscripts.TC001 -->
